<?xml version="1.0" encoding="UTF-8"?>
<testsuite name="MainTest" tests="1" skipped="0" failures="0" errors="0" timestamp="2021-12-17T01:46:48" hostname="DESKTOP-CELJMBG" time="0.025">
  <properties/>
  <testcase name="main()" classname="MainTest" time="0.025"/>
  <system-out><![CDATA[[result] [2, 3, 4]
]]></system-out>
  <system-err><![CDATA[]]></system-err>
</testsuite>
